<?xml version="1.0" encoding="UTF-8"?>
<!-- Generated by org.testng.reporters.JUnitReportReporter -->
<testsuite hostname="air" failures="0" tests="2" name="tests.Test2" time="12.932" errors="0" timestamp="2022-01-31T16:41:23 MSK" skipped="0">
  <testcase classname="tests.Test2" name="openWebSite" time="9.373"/>
  <system-out/>
  <testcase classname="tests.Test2" name="verifySearchByVoice" time="3.559"/>
  <system-out/>
</testsuite> <!-- tests.Test2 -->
