<?xml version="1.0" encoding="UTF-8"?>
<!-- Generated by org.testng.reporters.JUnitReportReporter -->
<testsuite hostname="air" failures="0" tests="2" name="tests.Test1" time="18.697" errors="0" timestamp="2022-01-02T22:26:07 MSK" skipped="0">
  <testcase classname="tests.Test1" name="openWebSite" time="10.599"/>
  <system-out/>
  <testcase classname="tests.Test1" name="openWebSite" time="8.098"/>
  <system-out/>
</testsuite> <!-- tests.Test1 -->
