<?xml version="1.0" encoding="UTF-8"?>
<!-- Generated by org.testng.reporters.JUnitReportReporter -->
<testsuite hostname="air" failures="0" tests="3" name="tests.Test2" time="29.008" errors="0" timestamp="2022-01-05T18:22:40 MSK" skipped="0">
  <testcase classname="tests.Test2" name="openWebSite" time="15.342"/>
  <system-out/>
  <testcase classname="tests.Test2" name="verifySearchByVoice" time="1.806"/>
  <system-out/>
  <testcase classname="tests.Test2" name="openWebSite" time="11.860"/>
  <system-out/>
</testsuite> <!-- tests.Test2 -->
